<?xml version="1.0" encoding="UTF-8"?>
<!-- Generated by org.testng.reporters.JUnitReportReporter -->
<testsuite hostname="DESKTOP-1BK6NQ9" failures="0" tests="1" name="testCases.inventory_page_2_Test" time="5.913" errors="0" timestamp="2023-12-11T21:22:37 IST" skipped="0">
  <testcase classname="testCases.inventory_page_2_Test" name="verifyProductsLabelTest" time="5.913">
    <system-out>
      <![CDATA[Label of Inventory page =Products]]>
    </system-out>
  </testcase> <!-- verifyProductsLabelTest -->
  <system-out>
    <![CDATA[Label of Inventory page =Products]]>
  </system-out>
</testsuite> <!-- testCases.inventory_page_2_Test -->
