<?xml version="1.0" encoding="UTF-8"?>
<!-- Generated by org.testng.reporters.JUnitReportReporter -->
<testsuite hostname="DESKTOP-1BK6NQ9" failures="0" tests="3" name="testCases.CheckOutpage1_Test" time="20.696" errors="0" timestamp="2023-12-08T00:51:11 IST" skipped="0">
  <testcase classname="testCases.CheckOutpage1_Test" name="InputinformationTest" time="6.718">
    <system-out>
      <![CDATA[Title of checkout page 2https://www.saucedemo.com/checkout-step-two.html]]>
    </system-out>
  </testcase> <!-- InputinformationTest -->
  <testcase classname="testCases.CheckOutpage1_Test" name="verifyTitleofApplicationTest" time="7.514">
    <system-out>
      <![CDATA[Title of checkout page 1Checkout: Your Information]]>
    </system-out>
  </testcase> <!-- verifyTitleofApplicationTest -->
  <testcase classname="testCases.CheckOutpage1_Test" name="verifyURLofCheckOutpage1Test" time="6.464">
    <system-out>
      <![CDATA[URL of checkout page 1https://www.saucedemo.com/checkout-step-one.html]]>
    </system-out>
  </testcase> <!-- verifyURLofCheckOutpage1Test -->
  <system-out>
    <![CDATA[Title of checkout page 2https://www.saucedemo.com/checkout-step-two.html
Title of checkout page 1Checkout: Your Information
URL of checkout page 1https://www.saucedemo.com/checkout-step-one.html]]>
  </system-out>
</testsuite> <!-- testCases.CheckOutpage1_Test -->
