<?xml version="1.0" encoding="UTF-8"?>
<!-- Generated by org.testng.reporters.JUnitReportReporter -->
<testsuite hostname="DESKTOP-1BK6NQ9" failures="0" tests="8" name="testCases.cartPageTest" time="56.241" errors="0" timestamp="2023-12-05T20:35:02 IST" skipped="0">
  <testcase classname="testCases.cartPageTest" name="verifycheckoutBtnTest" time="6.884">
    <system-out>
      <![CDATA[After Clicking On the Checkout Button = https://www.saucedemo.com/checkout-step-one.html]]>
    </system-out>
  </testcase> <!-- verifycheckoutBtnTest -->
  <testcase classname="testCases.cartPageTest" name="LoginToYourCartTest" time="7.133"/>
  <testcase classname="testCases.cartPageTest" name="verifyCartQTYLabelTest" time="6.575">
    <system-out>
      <![CDATA[ Label of QTY  =QTY]]>
    </system-out>
  </testcase> <!-- verifyCartQTYLabelTest -->
  <testcase classname="testCases.cartPageTest" name="verifyYourCartLabelTest" time="8.847">
    <system-out>
      <![CDATA[Label Your Cart  =Your Cart]]>
    </system-out>
  </testcase> <!-- verifyYourCartLabelTest -->
  <testcase classname="testCases.cartPageTest" name="remove3productTest" time="6.861">
    <system-out>
      <![CDATA[count after remove  = 3]]>
    </system-out>
  </testcase> <!-- remove3productTest -->
  <testcase classname="testCases.cartPageTest" name="verifyapplogoTest" time="6.561">
    <system-out>
      <![CDATA[Visibility of app Logo =true]]>
    </system-out>
  </testcase> <!-- verifyapplogoTest -->
  <testcase classname="testCases.cartPageTest" name="verifyCartDescriptionLabelTest" time="6.703">
    <system-out>
      <![CDATA[Label of Cart Description  =Description]]>
    </system-out>
  </testcase> <!-- verifyCartDescriptionLabelTest -->
  <testcase classname="testCases.cartPageTest" name="verifycontinueshoppingBtnTest" time="6.677">
    <system-out>
      <![CDATA[After Clicking On the Continue Shopping Button = https://www.saucedemo.com/inventory.html]]>
    </system-out>
  </testcase> <!-- verifycontinueshoppingBtnTest -->
  <system-out>
    <![CDATA[count after remove  = 3
Label of Cart Description  =Description
 Label of QTY  =QTY
Label Your Cart  =Your Cart
Visibility of app Logo =true
After Clicking On the Checkout Button = https://www.saucedemo.com/checkout-step-one.html
After Clicking On the Continue Shopping Button = https://www.saucedemo.com/inventory.html]]>
  </system-out>
</testsuite> <!-- testCases.cartPageTest -->
