<?xml version="1.0" encoding="UTF-8"?>
<!-- Generated by org.testng.reporters.JUnitReportReporter -->
<testsuite hostname="DESKTOP-1BK6NQ9" failures="0" tests="5" name="testCases.Finishpage_Test" time="54.188" errors="0" timestamp="2023-12-08T15:00:25 IST" skipped="0">
  <testcase classname="testCases.Finishpage_Test" name="verifyTitleofFinishpageTest" time="12.673">
    <system-out>
      <![CDATA[label of complete page=Checkout: Complete!]]>
    </system-out>
  </testcase> <!-- verifyTitleofFinishpageTest -->
  <testcase classname="testCases.Finishpage_Test" name="clickoncancelBtnTest" time="10.460">
    <system-out>
      <![CDATA[Url of Back to Home=https://www.saucedemo.com/inventory.html]]>
    </system-out>
  </testcase> <!-- clickoncancelBtnTest -->
  <testcase classname="testCases.Finishpage_Test" name="verifycompleteTextTest" time="10.291">
    <system-out>
      <![CDATA[Visibility of Complete Text =true]]>
    </system-out>
  </testcase> <!-- verifycompleteTextTest -->
  <testcase classname="testCases.Finishpage_Test" name="verifyimgTest" time="10.477">
    <system-out>
      <![CDATA[Visibility of img =true]]>
    </system-out>
  </testcase> <!-- verifyimgTest -->
  <testcase classname="testCases.Finishpage_Test" name="verifyThankYouTextTest" time="10.287">
    <system-out>
      <![CDATA[Visibility of Thank You Text =true]]>
    </system-out>
  </testcase> <!-- verifyThankYouTextTest -->
  <system-out>
    <![CDATA[Url of Back to Home=https://www.saucedemo.com/inventory.html
Visibility of Thank You Text =true
label of complete page=Checkout: Complete!
Visibility of Complete Text =true
Visibility of img =true]]>
  </system-out>
</testsuite> <!-- testCases.Finishpage_Test -->
