<?xml version="1.0" encoding="UTF-8"?>
<!-- Generated by org.testng.reporters.JUnitReportReporter -->
<testsuite hostname="DESKTOP-1BK6NQ9" failures="0" tests="1" name="testCases.LoginPageTest" time="7.479" errors="0" timestamp="2023-12-12T22:31:43 IST" skipped="0">
  <testcase classname="testCases.LoginPageTest" name="loginToApplicationTest" time="7.479"/>
</testsuite> <!-- testCases.LoginPageTest -->
