<?xml version="1.0" encoding="UTF-8"?>
<!-- Generated by org.testng.reporters.JUnitReportReporter -->
<testsuite hostname="DESKTOP-1BK6NQ9" failures="0" tests="9" name="testCases.CheckOutpage2_Test" time="95.756" errors="0" timestamp="2023-12-08T14:58:06 IST" skipped="0">
  <testcase classname="testCases.CheckOutpage2_Test" name="verifyshippingInfoTxtTest" time="9.665">
    <system-out>
      <![CDATA[verify shipping info text =true]]>
    </system-out>
  </testcase> <!-- verifyshippingInfoTxtTest -->
  <testcase classname="testCases.CheckOutpage2_Test" name="verifyQTYlabelTest" time="10.009">
    <system-out>
      <![CDATA[verify the Qty label=QTY]]>
    </system-out>
  </testcase> <!-- verifyQTYlabelTest -->
  <testcase classname="testCases.CheckOutpage2_Test" name="clickonfinishBtnTest" time="10.513">
    <system-out>
      <![CDATA[Url of Complete page= https://www.saucedemo.com/checkout-complete.html]]>
    </system-out>
  </testcase> <!-- clickonfinishBtnTest -->
  <testcase classname="testCases.CheckOutpage2_Test" name="verifyDescriptionlabelTest" time="10.130">
    <system-out>
      <![CDATA[verify the description label=Description]]>
    </system-out>
  </testcase> <!-- verifyDescriptionlabelTest -->
  <testcase classname="testCases.CheckOutpage2_Test" name="verifytotallabelTest" time="10.020">
    <system-out>
      <![CDATA[verify  total label =true]]>
    </system-out>
  </testcase> <!-- verifytotallabelTest -->
  <testcase classname="testCases.CheckOutpage2_Test" name="verifypaymentInfoTxtTest" time="10.137">
    <system-out>
      <![CDATA[verify payment info text =true]]>
    </system-out>
  </testcase> <!-- verifypaymentInfoTxtTest -->
  <testcase classname="testCases.CheckOutpage2_Test" name="verifypricetotalTxtTest" time="10.481">
    <system-out>
      <![CDATA[verify price total text =true]]>
    </system-out>
  </testcase> <!-- verifypricetotalTxtTest -->
  <testcase classname="testCases.CheckOutpage2_Test" name="clickoncancelBtnTest" time="14.826">
    <system-out>
      <![CDATA[Url of checkout page 2=https://www.saucedemo.com/inventory.html]]>
    </system-out>
  </testcase> <!-- clickoncancelBtnTest -->
  <testcase classname="testCases.CheckOutpage2_Test" name="verifyLabelTest" time="9.975">
    <system-out>
      <![CDATA[label of checkout page 2=Checkout: Overview]]>
    </system-out>
  </testcase> <!-- verifyLabelTest -->
  <system-out>
    <![CDATA[Url of checkout page 2=https://www.saucedemo.com/inventory.html
Url of Complete page= https://www.saucedemo.com/checkout-complete.html
verify the description label=Description
label of checkout page 2=Checkout: Overview
verify the Qty label=QTY
verify payment info text =true
verify price total text =true
verify shipping info text =true
verify  total label =true]]>
  </system-out>
</testsuite> <!-- testCases.CheckOutpage2_Test -->
